{"/Users/sahils/code/octernships/create-add-on-package-ui-helper-libraries-sahilsaha7773/addons/src/App.tsx": {"path":"/Users/sahils/code/octernships/create-add-on-package-ui-helper-libraries-sahilsaha7773/addons/src/App.tsx","statementMap":{"0":{"start":{"line":9,"column":17},"end":{"line":11,"column":39}},"1":{"start":{"line":13,"column":32},"end":{"line":13,"column":44}},"2":{"start":{"line":14,"column":23},"end":{"line":26,"column":3}},"3":{"start":{"line":16,"column":22},"end":{"line":16,"column":43}},"4":{"start":{"line":17,"column":17},"end":{"line":24,"column":5}},"5":{"start":{"line":25,"column":4},"end":{"line":25,"column":22}},"6":{"start":{"line":27,"column":24},"end":{"line":30,"column":3}},"7":{"start":{"line":28,"column":4},"end":{"line":28,"column":35}},"8":{"start":{"line":29,"column":4},"end":{"line":29,"column":22}},"9":{"start":{"line":31,"column":24},"end":{"line":34,"column":3}},"10":{"start":{"line":32,"column":4},"end":{"line":32,"column":34}},"11":{"start":{"line":33,"column":4},"end":{"line":33,"column":29}},"12":{"start":{"line":35,"column":2},"end":{"line":156,"column":3}}},"fnMap":{"0":{"name":"App","decl":{"start":{"line":7,"column":9},"end":{"line":7,"column":12}},"loc":{"start":{"line":7,"column":15},"end":{"line":157,"column":1}},"line":7},"1":{"name":"(anonymous_1)","decl":{"start":{"line":14,"column":23},"end":{"line":14,"column":24}},"loc":{"start":{"line":14,"column":35},"end":{"line":26,"column":3}},"line":14},"2":{"name":"(anonymous_2)","decl":{"start":{"line":27,"column":24},"end":{"line":27,"column":25}},"loc":{"start":{"line":27,"column":39},"end":{"line":30,"column":3}},"line":27},"3":{"name":"(anonymous_3)","decl":{"start":{"line":31,"column":24},"end":{"line":31,"column":25}},"loc":{"start":{"line":31,"column":38},"end":{"line":34,"column":3}},"line":31}},"branchMap":{},"s":{"0":0,"1":0,"2":0,"3":0,"4":0,"5":0,"6":0,"7":0,"8":0,"9":0,"10":0,"11":0,"12":0},"f":{"0":0,"1":0,"2":0,"3":0},"b":{}}
,"/Users/sahils/code/octernships/create-add-on-package-ui-helper-libraries-sahilsaha7773/addons/src/index.tsx": {"path":"/Users/sahils/code/octernships/create-add-on-package-ui-helper-libraries-sahilsaha7773/addons/src/index.tsx","statementMap":{"0":{"start":{"line":9,"column":0},"end":{"line":14,"column":2}}},"fnMap":{},"branchMap":{},"s":{"0":0},"f":{},"b":{}}
,"/Users/sahils/code/octernships/create-add-on-package-ui-helper-libraries-sahilsaha7773/addons/src/lib/components/Auth/index.ts": {"path":"/Users/sahils/code/octernships/create-add-on-package-ui-helper-libraries-sahilsaha7773/addons/src/lib/components/Auth/index.ts","statementMap":{},"fnMap":{},"branchMap":{},"s":{},"f":{},"b":{}}
,"/Users/sahils/code/octernships/create-add-on-package-ui-helper-libraries-sahilsaha7773/addons/src/lib/components/Auth/EmailPass/EmailPassCreate.tsx": {"path":"/Users/sahils/code/octernships/create-add-on-package-ui-helper-libraries-sahilsaha7773/addons/src/lib/components/Auth/EmailPass/EmailPassCreate.tsx","statementMap":{"0":{"start":{"line":32,"column":26},"end":{"line":32,"column":38}},"1":{"start":{"line":33,"column":30},"end":{"line":33,"column":42}},"2":{"start":{"line":34,"column":28},"end":{"line":34,"column":40}},"3":{"start":{"line":35,"column":34},"end":{"line":35,"column":46}},"4":{"start":{"line":36,"column":38},"end":{"line":36,"column":52}},"5":{"start":{"line":37,"column":28},"end":{"line":37,"column":40}},"6":{"start":{"line":39,"column":23},"end":{"line":72,"column":3}},"7":{"start":{"line":40,"column":4},"end":{"line":43,"column":5}},"8":{"start":{"line":41,"column":6},"end":{"line":41,"column":35}},"9":{"start":{"line":42,"column":6},"end":{"line":42,"column":13}},"10":{"start":{"line":44,"column":4},"end":{"line":47,"column":5}},"11":{"start":{"line":45,"column":6},"end":{"line":45,"column":38}},"12":{"start":{"line":46,"column":6},"end":{"line":46,"column":13}},"13":{"start":{"line":48,"column":4},"end":{"line":51,"column":5}},"14":{"start":{"line":49,"column":6},"end":{"line":49,"column":36}},"15":{"start":{"line":50,"column":6},"end":{"line":50,"column":13}},"16":{"start":{"line":52,"column":4},"end":{"line":55,"column":5}},"17":{"start":{"line":53,"column":6},"end":{"line":53,"column":39}},"18":{"start":{"line":54,"column":6},"end":{"line":54,"column":13}},"19":{"start":{"line":56,"column":20},"end":{"line":56,"column":39}},"20":{"start":{"line":57,"column":4},"end":{"line":71,"column":5}},"21":{"start":{"line":58,"column":6},"end":{"line":58,"column":50}},"22":{"start":{"line":58,"column":27},"end":{"line":58,"column":50}},"23":{"start":{"line":59,"column":17},"end":{"line":59,"column":68}},"24":{"start":{"line":60,"column":6},"end":{"line":60,"column":24}},"25":{"start":{"line":61,"column":6},"end":{"line":66,"column":7}},"26":{"start":{"line":62,"column":8},"end":{"line":62,"column":22}},"27":{"start":{"line":65,"column":8},"end":{"line":65,"column":22}},"28":{"start":{"line":68,"column":6},"end":{"line":68,"column":42}},"29":{"start":{"line":70,"column":6},"end":{"line":70,"column":19}},"30":{"start":{"line":73,"column":2},"end":{"line":97,"column":3}},"31":{"start":{"line":76,"column":128},"end":{"line":76,"column":151}},"32":{"start":{"line":77,"column":135},"end":{"line":77,"column":160}},"33":{"start":{"line":78,"column":114},"end":{"line":78,"column":138}},"34":{"start":{"line":85,"column":29},"end":{"line":85,"column":56}},"35":{"start":{"line":87,"column":12},"end":{"line":87,"column":39}},"36":{"start":{"line":92,"column":10},"end":{"line":92,"column":29}},"37":{"start":{"line":93,"column":10},"end":{"line":93,"column":25}}},"fnMap":{"0":{"name":"EmailPassCreate","decl":{"start":{"line":17,"column":9},"end":{"line":17,"column":24}},"loc":{"start":{"line":31,"column":3},"end":{"line":98,"column":1}},"line":31},"1":{"name":"(anonymous_1)","decl":{"start":{"line":39,"column":23},"end":{"line":39,"column":24}},"loc":{"start":{"line":39,"column":35},"end":{"line":72,"column":3}},"line":39},"2":{"name":"(anonymous_2)","decl":{"start":{"line":76,"column":121},"end":{"line":76,"column":122}},"loc":{"start":{"line":76,"column":128},"end":{"line":76,"column":151}},"line":76},"3":{"name":"(anonymous_3)","decl":{"start":{"line":77,"column":128},"end":{"line":77,"column":129}},"loc":{"start":{"line":77,"column":135},"end":{"line":77,"column":160}},"line":77},"4":{"name":"(anonymous_4)","decl":{"start":{"line":78,"column":107},"end":{"line":78,"column":108}},"loc":{"start":{"line":78,"column":114},"end":{"line":78,"column":138}},"line":78},"5":{"name":"(anonymous_5)","decl":{"start":{"line":85,"column":22},"end":{"line":85,"column":23}},"loc":{"start":{"line":85,"column":29},"end":{"line":85,"column":56}},"line":85},"6":{"name":"(anonymous_6)","decl":{"start":{"line":86,"column":75},"end":{"line":86,"column":76}},"loc":{"start":{"line":86,"column":82},"end":{"line":88,"column":11}},"line":86},"7":{"name":"(anonymous_7)","decl":{"start":{"line":91,"column":25},"end":{"line":91,"column":26}},"loc":{"start":{"line":91,"column":32},"end":{"line":94,"column":9}},"line":91}},"branchMap":{"0":{"loc":{"start":{"line":40,"column":4},"end":{"line":43,"column":5}},"type":"if","locations":[{"start":{"line":40,"column":4},"end":{"line":43,"column":5}},{"start":{},"end":{}}],"line":40},"1":{"loc":{"start":{"line":40,"column":8},"end":{"line":40,"column":35}},"type":"binary-expr","locations":[{"start":{"line":40,"column":8},"end":{"line":40,"column":20}},{"start":{"line":40,"column":24},"end":{"line":40,"column":35}}],"line":40},"2":{"loc":{"start":{"line":44,"column":4},"end":{"line":47,"column":5}},"type":"if","locations":[{"start":{"line":44,"column":4},"end":{"line":47,"column":5}},{"start":{},"end":{}}],"line":44},"3":{"loc":{"start":{"line":44,"column":8},"end":{"line":44,"column":39}},"type":"binary-expr","locations":[{"start":{"line":44,"column":8},"end":{"line":44,"column":22}},{"start":{"line":44,"column":26},"end":{"line":44,"column":39}}],"line":44},"4":{"loc":{"start":{"line":48,"column":4},"end":{"line":51,"column":5}},"type":"if","locations":[{"start":{"line":48,"column":4},"end":{"line":51,"column":5}},{"start":{},"end":{}}],"line":48},"5":{"loc":{"start":{"line":52,"column":4},"end":{"line":55,"column":5}},"type":"if","locations":[{"start":{"line":52,"column":4},"end":{"line":55,"column":5}},{"start":{},"end":{}}],"line":52},"6":{"loc":{"start":{"line":58,"column":6},"end":{"line":58,"column":50}},"type":"if","locations":[{"start":{"line":58,"column":6},"end":{"line":58,"column":50}},{"start":{},"end":{}}],"line":58},"7":{"loc":{"start":{"line":61,"column":6},"end":{"line":66,"column":7}},"type":"if","locations":[{"start":{"line":61,"column":6},"end":{"line":66,"column":7}},{"start":{"line":64,"column":11},"end":{"line":66,"column":7}}],"line":61},"8":{"loc":{"start":{"line":76,"column":9},"end":{"line":76,"column":155}},"type":"binary-expr","locations":[{"start":{"line":76,"column":9},"end":{"line":76,"column":21}},{"start":{"line":76,"column":25},"end":{"line":76,"column":155}}],"line":76},"9":{"loc":{"start":{"line":77,"column":9},"end":{"line":77,"column":164}},"type":"binary-expr","locations":[{"start":{"line":77,"column":9},"end":{"line":77,"column":23}},{"start":{"line":77,"column":27},"end":{"line":77,"column":164}}],"line":77},"10":{"loc":{"start":{"line":81,"column":12},"end":{"line":81,"column":44}},"type":"cond-expr","locations":[{"start":{"line":81,"column":25},"end":{"line":81,"column":35}},{"start":{"line":81,"column":38},"end":{"line":81,"column":44}}],"line":81},"11":{"loc":{"start":{"line":86,"column":24},"end":{"line":86,"column":64}},"type":"cond-expr","locations":[{"start":{"line":86,"column":37},"end":{"line":86,"column":47}},{"start":{"line":86,"column":50},"end":{"line":86,"column":64}}],"line":86},"12":{"loc":{"start":{"line":90,"column":9},"end":{"line":90,"column":99}},"type":"binary-expr","locations":[{"start":{"line":90,"column":9},"end":{"line":90,"column":21}},{"start":{"line":90,"column":25},"end":{"line":90,"column":99}}],"line":90},"13":{"loc":{"start":{"line":94,"column":48},"end":{"line":94,"column":78}},"type":"binary-expr","locations":[{"start":{"line":94,"column":48},"end":{"line":94,"column":58}},{"start":{"line":94,"column":62},"end":{"line":94,"column":78}}],"line":94}},"s":{"0":5,"1":5,"2":5,"3":5,"4":5,"5":5,"6":5,"7":0,"8":0,"9":0,"10":0,"11":0,"12":0,"13":0,"14":0,"15":0,"16":0,"17":0,"18":0,"19":0,"20":0,"21":0,"22":0,"23":0,"24":0,"25":0,"26":0,"27":0,"28":0,"29":0,"30":5,"31":0,"32":0,"33":0,"34":0,"35":0,"36":0,"37":0},"f":{"0":5,"1":0,"2":0,"3":0,"4":0,"5":0,"6":0,"7":0},"b":{"0":[0,0],"1":[0,0],"2":[0,0],"3":[0,0],"4":[0,0],"5":[0,0],"6":[0,0],"7":[0,0],"8":[5,1],"9":[5,0],"10":[5,0],"11":[5,0],"12":[5,0],"13":[5,2]},"_coverageSchema":"1a1c01bbd47fc00a2c39e90264f33305004495a9","hash":"ca3271d44da0078c55fcb5b21a1f3fb102b21a51"}
,"/Users/sahils/code/octernships/create-add-on-package-ui-helper-libraries-sahilsaha7773/addons/src/lib/components/Auth/EmailPass/EmailPassSignIn.tsx": {"path":"/Users/sahils/code/octernships/create-add-on-package-ui-helper-libraries-sahilsaha7773/addons/src/lib/components/Auth/EmailPass/EmailPassSignIn.tsx","statementMap":{"0":{"start":{"line":27,"column":28},"end":{"line":27,"column":40}},"1":{"start":{"line":28,"column":34},"end":{"line":28,"column":46}},"2":{"start":{"line":29,"column":38},"end":{"line":29,"column":52}},"3":{"start":{"line":30,"column":28},"end":{"line":30,"column":40}},"4":{"start":{"line":31,"column":36},"end":{"line":31,"column":51}},"5":{"start":{"line":33,"column":23},"end":{"line":66,"column":3}},"6":{"start":{"line":34,"column":4},"end":{"line":37,"column":6}},"7":{"start":{"line":34,"column":35},"end":{"line":37,"column":6}},"8":{"start":{"line":38,"column":4},"end":{"line":38,"column":95}},"9":{"start":{"line":38,"column":70},"end":{"line":38,"column":95}},"10":{"start":{"line":39,"column":4},"end":{"line":39,"column":101}},"11":{"start":{"line":39,"column":73},"end":{"line":39,"column":101}},"12":{"start":{"line":42,"column":4},"end":{"line":47,"column":5}},"13":{"start":{"line":43,"column":6},"end":{"line":46,"column":7}},"14":{"start":{"line":44,"column":8},"end":{"line":44,"column":38}},"15":{"start":{"line":45,"column":8},"end":{"line":45,"column":15}},"16":{"start":{"line":48,"column":4},"end":{"line":53,"column":5}},"17":{"start":{"line":49,"column":6},"end":{"line":52,"column":7}},"18":{"start":{"line":50,"column":8},"end":{"line":50,"column":41}},"19":{"start":{"line":51,"column":8},"end":{"line":51,"column":15}},"20":{"start":{"line":54,"column":4},"end":{"line":54,"column":17}},"21":{"start":{"line":55,"column":4},"end":{"line":55,"column":23}},"22":{"start":{"line":56,"column":20},"end":{"line":56,"column":39}},"23":{"start":{"line":57,"column":4},"end":{"line":64,"column":5}},"24":{"start":{"line":58,"column":17},"end":{"line":58,"column":66}},"25":{"start":{"line":59,"column":6},"end":{"line":59,"column":20}},"26":{"start":{"line":61,"column":6},"end":{"line":61,"column":23}},"27":{"start":{"line":63,"column":6},"end":{"line":63,"column":19}},"28":{"start":{"line":65,"column":4},"end":{"line":65,"column":24}},"29":{"start":{"line":67,"column":2},"end":{"line":103,"column":3}},"30":{"start":{"line":75,"column":27},"end":{"line":75,"column":51}},"31":{"start":{"line":85,"column":29},"end":{"line":85,"column":56}},"32":{"start":{"line":87,"column":12},"end":{"line":87,"column":39}},"33":{"start":{"line":93,"column":12},"end":{"line":93,"column":31}},"34":{"start":{"line":94,"column":12},"end":{"line":94,"column":33}}},"fnMap":{"0":{"name":"EmailPassSignin","decl":{"start":{"line":6,"column":9},"end":{"line":6,"column":24}},"loc":{"start":{"line":26,"column":2},"end":{"line":104,"column":1}},"line":26},"1":{"name":"(anonymous_1)","decl":{"start":{"line":33,"column":23},"end":{"line":33,"column":24}},"loc":{"start":{"line":33,"column":35},"end":{"line":66,"column":3}},"line":33},"2":{"name":"(anonymous_2)","decl":{"start":{"line":75,"column":20},"end":{"line":75,"column":21}},"loc":{"start":{"line":75,"column":27},"end":{"line":75,"column":51}},"line":75},"3":{"name":"(anonymous_3)","decl":{"start":{"line":85,"column":22},"end":{"line":85,"column":23}},"loc":{"start":{"line":85,"column":29},"end":{"line":85,"column":56}},"line":85},"4":{"name":"(anonymous_4)","decl":{"start":{"line":86,"column":75},"end":{"line":86,"column":76}},"loc":{"start":{"line":86,"column":82},"end":{"line":88,"column":11}},"line":86},"5":{"name":"(anonymous_5)","decl":{"start":{"line":92,"column":19},"end":{"line":92,"column":20}},"loc":{"start":{"line":92,"column":32},"end":{"line":95,"column":11}},"line":92}},"branchMap":{"0":{"loc":{"start":{"line":34,"column":4},"end":{"line":37,"column":6}},"type":"if","locations":[{"start":{"line":34,"column":4},"end":{"line":37,"column":6}},{"start":{},"end":{}}],"line":34},"1":{"loc":{"start":{"line":38,"column":4},"end":{"line":38,"column":95}},"type":"if","locations":[{"start":{"line":38,"column":4},"end":{"line":38,"column":95}},{"start":{},"end":{}}],"line":38},"2":{"loc":{"start":{"line":38,"column":8},"end":{"line":38,"column":68}},"type":"binary-expr","locations":[{"start":{"line":38,"column":8},"end":{"line":38,"column":32}},{"start":{"line":38,"column":36},"end":{"line":38,"column":68}}],"line":38},"3":{"loc":{"start":{"line":39,"column":4},"end":{"line":39,"column":101}},"type":"if","locations":[{"start":{"line":39,"column":4},"end":{"line":39,"column":101}},{"start":{},"end":{}}],"line":39},"4":{"loc":{"start":{"line":39,"column":8},"end":{"line":39,"column":71}},"type":"binary-expr","locations":[{"start":{"line":39,"column":8},"end":{"line":39,"column":32}},{"start":{"line":39,"column":36},"end":{"line":39,"column":71}}],"line":39},"5":{"loc":{"start":{"line":42,"column":4},"end":{"line":47,"column":5}},"type":"if","locations":[{"start":{"line":42,"column":4},"end":{"line":47,"column":5}},{"start":{},"end":{}}],"line":42},"6":{"loc":{"start":{"line":43,"column":6},"end":{"line":46,"column":7}},"type":"if","locations":[{"start":{"line":43,"column":6},"end":{"line":46,"column":7}},{"start":{},"end":{}}],"line":43},"7":{"loc":{"start":{"line":48,"column":4},"end":{"line":53,"column":5}},"type":"if","locations":[{"start":{"line":48,"column":4},"end":{"line":53,"column":5}},{"start":{},"end":{}}],"line":48},"8":{"loc":{"start":{"line":49,"column":6},"end":{"line":52,"column":7}},"type":"if","locations":[{"start":{"line":49,"column":6},"end":{"line":52,"column":7}},{"start":{},"end":{}}],"line":49},"9":{"loc":{"start":{"line":82,"column":14},"end":{"line":82,"column":46}},"type":"cond-expr","locations":[{"start":{"line":82,"column":27},"end":{"line":82,"column":37}},{"start":{"line":82,"column":40},"end":{"line":82,"column":46}}],"line":82},"10":{"loc":{"start":{"line":86,"column":24},"end":{"line":86,"column":64}},"type":"cond-expr","locations":[{"start":{"line":86,"column":37},"end":{"line":86,"column":47}},{"start":{"line":86,"column":50},"end":{"line":86,"column":64}}],"line":86},"11":{"loc":{"start":{"line":90,"column":9},"end":{"line":90,"column":99}},"type":"binary-expr","locations":[{"start":{"line":90,"column":9},"end":{"line":90,"column":21}},{"start":{"line":90,"column":25},"end":{"line":90,"column":99}}],"line":90},"12":{"loc":{"start":{"line":99,"column":10},"end":{"line":99,"column":60}},"type":"cond-expr","locations":[{"start":{"line":99,"column":22},"end":{"line":99,"column":34}},{"start":{"line":99,"column":37},"end":{"line":99,"column":60}}],"line":99},"13":{"loc":{"start":{"line":99,"column":37},"end":{"line":99,"column":60}},"type":"binary-expr","locations":[{"start":{"line":99,"column":37},"end":{"line":99,"column":47}},{"start":{"line":99,"column":51},"end":{"line":99,"column":60}}],"line":99}},"s":{"0":10,"1":10,"2":10,"3":10,"4":10,"5":10,"6":2,"7":2,"8":2,"9":0,"10":2,"11":0,"12":2,"13":1,"14":1,"15":1,"16":1,"17":1,"18":1,"19":1,"20":0,"21":0,"22":0,"23":0,"24":0,"25":0,"26":0,"27":0,"28":0,"29":10,"30":2,"31":1,"32":0,"33":2,"34":2},"f":{"0":10,"1":2,"2":2,"3":1,"4":0,"5":2},"b":{"0":[2,0],"1":[0,2],"2":[2,2],"3":[0,2],"4":[2,2],"5":[1,1],"6":[1,0],"7":[1,0],"8":[1,0],"9":[10,0],"10":[10,0],"11":[10,2],"12":[0,10],"13":[10,1]},"_coverageSchema":"1a1c01bbd47fc00a2c39e90264f33305004495a9","hash":"51d1e7b026b7ff27e4fb5d1a12efcebc869eb62c"}
,"/Users/sahils/code/octernships/create-add-on-package-ui-helper-libraries-sahilsaha7773/addons/src/lib/components/Auth/MagicAuth/MagicAuth.tsx": {"path":"/Users/sahils/code/octernships/create-add-on-package-ui-helper-libraries-sahilsaha7773/addons/src/lib/components/Auth/MagicAuth/MagicAuth.tsx","statementMap":{"0":{"start":{"line":16,"column":30},"end":{"line":16,"column":42}},"1":{"start":{"line":17,"column":28},"end":{"line":17,"column":40}},"2":{"start":{"line":18,"column":22},"end":{"line":30,"column":3}},"3":{"start":{"line":19,"column":20},"end":{"line":19,"column":39}},"4":{"start":{"line":20,"column":4},"end":{"line":29,"column":5}},"5":{"start":{"line":21,"column":17},"end":{"line":24,"column":7}},"6":{"start":{"line":25,"column":6},"end":{"line":25,"column":20}},"7":{"start":{"line":27,"column":6},"end":{"line":27,"column":41}},"8":{"start":{"line":31,"column":2},"end":{"line":52,"column":3}},"9":{"start":{"line":37,"column":23},"end":{"line":37,"column":48}},"10":{"start":{"line":42,"column":23},"end":{"line":42,"column":47}},"11":{"start":{"line":46,"column":10},"end":{"line":46,"column":24}}},"fnMap":{"0":{"name":"MagicAuth","decl":{"start":{"line":4,"column":9},"end":{"line":4,"column":18}},"loc":{"start":{"line":15,"column":2},"end":{"line":53,"column":1}},"line":15},"1":{"name":"(anonymous_1)","decl":{"start":{"line":18,"column":22},"end":{"line":18,"column":23}},"loc":{"start":{"line":18,"column":34},"end":{"line":30,"column":3}},"line":18},"2":{"name":"(anonymous_2)","decl":{"start":{"line":37,"column":16},"end":{"line":37,"column":17}},"loc":{"start":{"line":37,"column":23},"end":{"line":37,"column":48}},"line":37},"3":{"name":"(anonymous_3)","decl":{"start":{"line":42,"column":16},"end":{"line":42,"column":17}},"loc":{"start":{"line":42,"column":23},"end":{"line":42,"column":47}},"line":42},"4":{"name":"(anonymous_4)","decl":{"start":{"line":45,"column":17},"end":{"line":45,"column":18}},"loc":{"start":{"line":45,"column":23},"end":{"line":47,"column":9}},"line":45}},"branchMap":{},"s":{"0":0,"1":0,"2":0,"3":0,"4":0,"5":0,"6":0,"7":0,"8":0,"9":0,"10":0,"11":0},"f":{"0":0,"1":0,"2":0,"3":0,"4":0},"b":{}}
,"/Users/sahils/code/octernships/create-add-on-package-ui-helper-libraries-sahilsaha7773/addons/src/lib/components/Auth/OAuth/OAuth.tsx": {"path":"/Users/sahils/code/octernships/create-add-on-package-ui-helper-libraries-sahilsaha7773/addons/src/lib/components/Auth/OAuth/OAuth.tsx","statementMap":{"0":{"start":{"line":24,"column":22},"end":{"line":33,"column":3}},"1":{"start":{"line":25,"column":20},"end":{"line":25,"column":39}},"2":{"start":{"line":26,"column":4},"end":{"line":32,"column":5}},"3":{"start":{"line":27,"column":17},"end":{"line":27,"column":72}},"4":{"start":{"line":30,"column":6},"end":{"line":30,"column":41}},"5":{"start":{"line":34,"column":2},"end":{"line":45,"column":3}},"6":{"start":{"line":39,"column":10},"end":{"line":39,"column":24}}},"fnMap":{"0":{"name":"OAuth","decl":{"start":{"line":4,"column":9},"end":{"line":4,"column":14}},"loc":{"start":{"line":23,"column":7},"end":{"line":46,"column":1}},"line":23},"1":{"name":"(anonymous_1)","decl":{"start":{"line":24,"column":22},"end":{"line":24,"column":23}},"loc":{"start":{"line":24,"column":34},"end":{"line":33,"column":3}},"line":24},"2":{"name":"(anonymous_2)","decl":{"start":{"line":38,"column":17},"end":{"line":38,"column":18}},"loc":{"start":{"line":38,"column":23},"end":{"line":40,"column":9}},"line":38}},"branchMap":{},"s":{"0":0,"1":0,"2":0,"3":0,"4":0,"5":0,"6":0},"f":{"0":0,"1":0,"2":0},"b":{}}
,"/Users/sahils/code/octernships/create-add-on-package-ui-helper-libraries-sahilsaha7773/addons/src/lib/components/Auth/PhoneAuth/PhoneAuth.tsx": {"path":"/Users/sahils/code/octernships/create-add-on-package-ui-helper-libraries-sahilsaha7773/addons/src/lib/components/Auth/PhoneAuth/PhoneAuth.tsx","statementMap":{"0":{"start":{"line":16,"column":30},"end":{"line":16,"column":42}},"1":{"start":{"line":17,"column":2},"end":{"line":24,"column":3}},"2":{"start":{"line":20,"column":100},"end":{"line":20,"column":125}}},"fnMap":{"0":{"name":"PhoneAuth","decl":{"start":{"line":3,"column":9},"end":{"line":3,"column":18}},"loc":{"start":{"line":15,"column":3},"end":{"line":25,"column":1}},"line":15},"1":{"name":"(anonymous_1)","decl":{"start":{"line":20,"column":93},"end":{"line":20,"column":94}},"loc":{"start":{"line":20,"column":100},"end":{"line":20,"column":125}},"line":20}},"branchMap":{"0":{"loc":{"start":{"line":20,"column":9},"end":{"line":20,"column":129}},"type":"binary-expr","locations":[{"start":{"line":20,"column":9},"end":{"line":20,"column":23}},{"start":{"line":20,"column":27},"end":{"line":20,"column":129}}],"line":20}},"s":{"0":0,"1":0,"2":0},"f":{"0":0,"1":0},"b":{"0":[0,0]}}
}
