TN:
SF:src/App.tsx
FN:7,App
FN:14,(anonymous_1)
FN:27,(anonymous_2)
FN:31,(anonymous_3)
FNF:4
FNH:0
FNDA:0,App
FNDA:0,(anonymous_1)
FNDA:0,(anonymous_2)
FNDA:0,(anonymous_3)
DA:9,0
DA:13,0
DA:14,0
DA:16,0
DA:17,0
DA:25,0
DA:27,0
DA:28,0
DA:29,0
DA:31,0
DA:32,0
DA:33,0
DA:35,0
LF:13
LH:0
BRF:0
BRH:0
end_of_record
TN:
SF:src/index.tsx
FNF:0
FNH:0
DA:9,0
LF:1
LH:0
BRF:0
BRH:0
end_of_record
TN:
SF:src/lib/components/Auth/index.ts
FNF:0
FNH:0
LF:0
LH:0
BRF:0
BRH:0
end_of_record
TN:
SF:src/lib/components/Auth/EmailPass/EmailPassCreate.tsx
FN:17,EmailPassCreate
FN:39,(anonymous_1)
FN:76,(anonymous_2)
FN:77,(anonymous_3)
FN:78,(anonymous_4)
FN:85,(anonymous_5)
FN:86,(anonymous_6)
FN:91,(anonymous_7)
FNF:8
FNH:1
FNDA:5,EmailPassCreate
FNDA:0,(anonymous_1)
FNDA:0,(anonymous_2)
FNDA:0,(anonymous_3)
FNDA:0,(anonymous_4)
FNDA:0,(anonymous_5)
FNDA:0,(anonymous_6)
FNDA:0,(anonymous_7)
DA:32,5
DA:33,5
DA:34,5
DA:35,5
DA:36,5
DA:37,5
DA:39,5
DA:40,0
DA:41,0
DA:42,0
DA:44,0
DA:45,0
DA:46,0
DA:48,0
DA:49,0
DA:50,0
DA:52,0
DA:53,0
DA:54,0
DA:56,0
DA:57,0
DA:58,0
DA:59,0
DA:60,0
DA:61,0
DA:62,0
DA:65,0
DA:68,0
DA:70,0
DA:73,5
DA:76,0
DA:77,0
DA:78,0
DA:85,0
DA:87,0
DA:92,0
DA:93,0
LF:37
LH:8
BRDA:40,0,0,0
BRDA:40,0,1,0
BRDA:40,1,0,0
BRDA:40,1,1,0
BRDA:44,2,0,0
BRDA:44,2,1,0
BRDA:44,3,0,0
BRDA:44,3,1,0
BRDA:48,4,0,0
BRDA:48,4,1,0
BRDA:52,5,0,0
BRDA:52,5,1,0
BRDA:58,6,0,0
BRDA:58,6,1,0
BRDA:61,7,0,0
BRDA:61,7,1,0
BRDA:76,8,0,5
BRDA:76,8,1,1
BRDA:77,9,0,5
BRDA:77,9,1,0
BRDA:81,10,0,5
BRDA:81,10,1,0
BRDA:86,11,0,5
BRDA:86,11,1,0
BRDA:90,12,0,5
BRDA:90,12,1,0
BRDA:94,13,0,5
BRDA:94,13,1,2
BRF:28
BRH:8
end_of_record
TN:
SF:src/lib/components/Auth/EmailPass/EmailPassSignIn.tsx
FN:6,EmailPassSignin
FN:33,(anonymous_1)
FN:75,(anonymous_2)
FN:85,(anonymous_3)
FN:86,(anonymous_4)
FN:92,(anonymous_5)
FNF:6
FNH:5
FNDA:10,EmailPassSignin
FNDA:2,(anonymous_1)
FNDA:2,(anonymous_2)
FNDA:1,(anonymous_3)
FNDA:0,(anonymous_4)
FNDA:2,(anonymous_5)
DA:27,10
DA:28,10
DA:29,10
DA:30,10
DA:31,10
DA:33,10
DA:34,2
DA:38,2
DA:39,2
DA:42,2
DA:43,1
DA:44,1
DA:45,1
DA:48,1
DA:49,1
DA:50,1
DA:51,1
DA:54,0
DA:55,0
DA:56,0
DA:57,0
DA:58,0
DA:59,0
DA:61,0
DA:63,0
DA:65,0
DA:67,10
DA:75,2
DA:85,1
DA:87,0
DA:93,2
DA:94,2
LF:32
LH:22
BRDA:34,0,0,2
BRDA:34,0,1,0
BRDA:38,1,0,0
BRDA:38,1,1,2
BRDA:38,2,0,2
BRDA:38,2,1,2
BRDA:39,3,0,0
BRDA:39,3,1,2
BRDA:39,4,0,2
BRDA:39,4,1,2
BRDA:42,5,0,1
BRDA:42,5,1,1
BRDA:43,6,0,1
BRDA:43,6,1,0
BRDA:48,7,0,1
BRDA:48,7,1,0
BRDA:49,8,0,1
BRDA:49,8,1,0
BRDA:82,9,0,10
BRDA:82,9,1,0
BRDA:86,10,0,10
BRDA:86,10,1,0
BRDA:90,11,0,10
BRDA:90,11,1,2
BRDA:99,12,0,0
BRDA:99,12,1,10
BRDA:99,13,0,10
BRDA:99,13,1,1
BRF:28
BRH:19
end_of_record
TN:
SF:src/lib/components/Auth/MagicAuth/MagicAuth.tsx
FN:4,MagicAuth
FN:18,(anonymous_1)
FN:37,(anonymous_2)
FN:42,(anonymous_3)
FN:45,(anonymous_4)
FNF:5
FNH:0
FNDA:0,MagicAuth
FNDA:0,(anonymous_1)
FNDA:0,(anonymous_2)
FNDA:0,(anonymous_3)
FNDA:0,(anonymous_4)
DA:16,0
DA:17,0
DA:18,0
DA:19,0
DA:20,0
DA:21,0
DA:25,0
DA:27,0
DA:31,0
DA:37,0
DA:42,0
DA:46,0
LF:12
LH:0
BRF:0
BRH:0
end_of_record
TN:
SF:src/lib/components/Auth/OAuth/OAuth.tsx
FN:4,OAuth
FN:24,(anonymous_1)
FN:38,(anonymous_2)
FNF:3
FNH:0
FNDA:0,OAuth
FNDA:0,(anonymous_1)
FNDA:0,(anonymous_2)
DA:24,0
DA:25,0
DA:26,0
DA:27,0
DA:30,0
DA:34,0
DA:39,0
LF:7
LH:0
BRF:0
BRH:0
end_of_record
TN:
SF:src/lib/components/Auth/PhoneAuth/PhoneAuth.tsx
FN:3,PhoneAuth
FN:20,(anonymous_1)
FNF:2
FNH:0
FNDA:0,PhoneAuth
FNDA:0,(anonymous_1)
DA:16,0
DA:17,0
DA:20,0
LF:3
LH:0
BRDA:20,0,0,0
BRDA:20,0,1,0
BRF:2
BRH:0
end_of_record
